<?xml version="1.0" encoding="UTF-8"?>
<testsuite xmlns:xsi="http://www.w3.org/2001/XMLSchema-instance" xsi:noNamespaceSchemaLocation="https://maven.apache.org/surefire/maven-surefire-plugin/xsd/surefire-test-report-3.0.xsd" version="3.0" name="com.leonardo.jpa.VendaJpaDAOTest" time="0.012" tests="11" errors="11" skipped="0" failures="0">
  <properties>
    <property name="java.specification.version" value="21"/>
    <property name="sun.cpu.isalist" value="amd64"/>
    <property name="sun.jnu.encoding" value="Cp1252"/>
    <property name="java.class.path" value="D:\repositorios\Backend-Java\EBAC\mod35 - Trocar no reposi4tório a lógica de salvar em JDBC para JPA\projeto4-final\modulo35\target\test-classes;D:\repositorios\Backend-Java\EBAC\mod35 - Trocar no reposi4tório a lógica de salvar em JDBC para JPA\projeto4-final\modulo35\target\classes;C:\Users\masco\.m2\repository\org\projectlombok\lombok\1.18.38\lombok-1.18.38.jar;C:\Users\masco\.m2\repository\org\junit\platform\junit-platform-suite\1.10.2\junit-platform-suite-1.10.2.jar;C:\Users\masco\.m2\repository\org\junit\platform\junit-platform-suite-api\1.10.2\junit-platform-suite-api-1.10.2.jar;C:\Users\masco\.m2\repository\org\junit\platform\junit-platform-commons\1.10.2\junit-platform-commons-1.10.2.jar;C:\Users\masco\.m2\repository\org\junit\platform\junit-platform-suite-engine\1.10.2\junit-platform-suite-engine-1.10.2.jar;C:\Users\masco\.m2\repository\org\junit\platform\junit-platform-suite-commons\1.10.2\junit-platform-suite-commons-1.10.2.jar;C:\Users\masco\.m2\repository\org\junit\platform\junit-platform-launcher\1.10.2\junit-platform-launcher-1.10.2.jar;C:\Users\masco\.m2\repository\org\junit\jupiter\junit-jupiter-engine\5.10.0\junit-jupiter-engine-5.10.0.jar;C:\Users\masco\.m2\repository\org\junit\platform\junit-platform-engine\1.10.0\junit-platform-engine-1.10.0.jar;C:\Users\masco\.m2\repository\org\opentest4j\opentest4j\1.3.0\opentest4j-1.3.0.jar;C:\Users\masco\.m2\repository\org\junit\jupiter\junit-jupiter-api\5.10.0\junit-jupiter-api-5.10.0.jar;C:\Users\masco\.m2\repository\org\apiguardian\apiguardian-api\1.1.2\apiguardian-api-1.1.2.jar;C:\Users\masco\.m2\repository\com\github\javafaker\javafaker\1.0.2\javafaker-1.0.2.jar;C:\Users\masco\.m2\repository\org\apache\commons\commons-lang3\3.5\commons-lang3-3.5.jar;C:\Users\masco\.m2\repository\org\yaml\snakeyaml\1.23\snakeyaml-1.23-android.jar;C:\Users\masco\.m2\repository\com\github\mifmif\generex\1.0.2\generex-1.0.2.jar;C:\Users\masco\.m2\repository\dk\brics\automaton\automaton\1.11-8\automaton-1.11-8.jar;C:\Users\masco\.m2\repository\org\postgresql\postgresql\42.7.6\postgresql-42.7.6.jar;C:\Users\masco\.m2\repository\org\checkerframework\checker-qual\3.49.3\checker-qual-3.49.3.jar;C:\Users\masco\.m2\repository\javax\persistence\javax.persistence-api\2.2\javax.persistence-api-2.2.jar;C:\Users\masco\.m2\repository\org\hibernate\hibernate-entitymanager\5.6.15.Final\hibernate-entitymanager-5.6.15.Final.jar;C:\Users\masco\.m2\repository\org\jboss\logging\jboss-logging\3.4.3.Final\jboss-logging-3.4.3.Final.jar;C:\Users\masco\.m2\repository\org\hibernate\common\hibernate-commons-annotations\5.1.2.Final\hibernate-commons-annotations-5.1.2.Final.jar;C:\Users\masco\.m2\repository\net\bytebuddy\byte-buddy\1.12.18\byte-buddy-1.12.18.jar;C:\Users\masco\.m2\repository\org\jboss\spec\javax\transaction\jboss-transaction-api_1.2_spec\1.1.1.Final\jboss-transaction-api_1.2_spec-1.1.1.Final.jar;C:\Users\masco\.m2\repository\org\hibernate\hibernate-core\5.6.15.Final\hibernate-core-5.6.15.Final.jar;C:\Users\masco\.m2\repository\antlr\antlr\2.7.7\antlr-2.7.7.jar;C:\Users\masco\.m2\repository\org\jboss\jandex\2.4.2.Final\jandex-2.4.2.Final.jar;C:\Users\masco\.m2\repository\com\fasterxml\classmate\1.5.1\classmate-1.5.1.jar;C:\Users\masco\.m2\repository\javax\activation\javax.activation-api\1.2.0\javax.activation-api-1.2.0.jar;C:\Users\masco\.m2\repository\javax\xml\bind\jaxb-api\2.3.1\jaxb-api-2.3.1.jar;C:\Users\masco\.m2\repository\org\glassfish\jaxb\jaxb-runtime\2.3.1\jaxb-runtime-2.3.1.jar;C:\Users\masco\.m2\repository\org\glassfish\jaxb\txw2\2.3.1\txw2-2.3.1.jar;C:\Users\masco\.m2\repository\com\sun\istack\istack-commons-runtime\3.0.7\istack-commons-runtime-3.0.7.jar;C:\Users\masco\.m2\repository\org\jvnet\staxex\stax-ex\1.8\stax-ex-1.8.jar;C:\Users\masco\.m2\repository\com\sun\xml\fastinfoset\FastInfoset\1.2.15\FastInfoset-1.2.15.jar;"/>
    <property name="java.vm.vendor" value="Eclipse Adoptium"/>
    <property name="sun.arch.data.model" value="64"/>
    <property name="user.variant" value=""/>
    <property name="java.vendor.url" value="https://adoptium.net/"/>
    <property name="user.timezone" value="America/Sao_Paulo"/>
    <property name="os.name" value="Windows 11"/>
    <property name="java.vm.specification.version" value="21"/>
    <property name="sun.java.launcher" value="SUN_STANDARD"/>
    <property name="user.country" value="BR"/>
    <property name="sun.boot.library.path" value="C:\Users\masco\AppData\Roaming\Code\User\globalStorage\pleiades.java-extension-pack-jdk\java\21\bin"/>
    <property name="sun.java.command" value="C:\Users\masco\AppData\Local\Temp\surefire3579434692560582472\surefirebooter-20250624224049397_3.jar C:\Users\masco\AppData\Local\Temp\surefire3579434692560582472 2025-06-24T22-40-49_256-jvmRun1 surefire-20250624224049397_1tmp surefire_0-20250624224049397_2tmp"/>
    <property name="jdk.debug" value="release"/>
    <property name="surefire.test.class.path" value="D:\repositorios\Backend-Java\EBAC\mod35 - Trocar no reposi4tório a lógica de salvar em JDBC para JPA\projeto4-final\modulo35\target\test-classes;D:\repositorios\Backend-Java\EBAC\mod35 - Trocar no reposi4tório a lógica de salvar em JDBC para JPA\projeto4-final\modulo35\target\classes;C:\Users\masco\.m2\repository\org\projectlombok\lombok\1.18.38\lombok-1.18.38.jar;C:\Users\masco\.m2\repository\org\junit\platform\junit-platform-suite\1.10.2\junit-platform-suite-1.10.2.jar;C:\Users\masco\.m2\repository\org\junit\platform\junit-platform-suite-api\1.10.2\junit-platform-suite-api-1.10.2.jar;C:\Users\masco\.m2\repository\org\junit\platform\junit-platform-commons\1.10.2\junit-platform-commons-1.10.2.jar;C:\Users\masco\.m2\repository\org\junit\platform\junit-platform-suite-engine\1.10.2\junit-platform-suite-engine-1.10.2.jar;C:\Users\masco\.m2\repository\org\junit\platform\junit-platform-suite-commons\1.10.2\junit-platform-suite-commons-1.10.2.jar;C:\Users\masco\.m2\repository\org\junit\platform\junit-platform-launcher\1.10.2\junit-platform-launcher-1.10.2.jar;C:\Users\masco\.m2\repository\org\junit\jupiter\junit-jupiter-engine\5.10.0\junit-jupiter-engine-5.10.0.jar;C:\Users\masco\.m2\repository\org\junit\platform\junit-platform-engine\1.10.0\junit-platform-engine-1.10.0.jar;C:\Users\masco\.m2\repository\org\opentest4j\opentest4j\1.3.0\opentest4j-1.3.0.jar;C:\Users\masco\.m2\repository\org\junit\jupiter\junit-jupiter-api\5.10.0\junit-jupiter-api-5.10.0.jar;C:\Users\masco\.m2\repository\org\apiguardian\apiguardian-api\1.1.2\apiguardian-api-1.1.2.jar;C:\Users\masco\.m2\repository\com\github\javafaker\javafaker\1.0.2\javafaker-1.0.2.jar;C:\Users\masco\.m2\repository\org\apache\commons\commons-lang3\3.5\commons-lang3-3.5.jar;C:\Users\masco\.m2\repository\org\yaml\snakeyaml\1.23\snakeyaml-1.23-android.jar;C:\Users\masco\.m2\repository\com\github\mifmif\generex\1.0.2\generex-1.0.2.jar;C:\Users\masco\.m2\repository\dk\brics\automaton\automaton\1.11-8\automaton-1.11-8.jar;C:\Users\masco\.m2\repository\org\postgresql\postgresql\42.7.6\postgresql-42.7.6.jar;C:\Users\masco\.m2\repository\org\checkerframework\checker-qual\3.49.3\checker-qual-3.49.3.jar;C:\Users\masco\.m2\repository\javax\persistence\javax.persistence-api\2.2\javax.persistence-api-2.2.jar;C:\Users\masco\.m2\repository\org\hibernate\hibernate-entitymanager\5.6.15.Final\hibernate-entitymanager-5.6.15.Final.jar;C:\Users\masco\.m2\repository\org\jboss\logging\jboss-logging\3.4.3.Final\jboss-logging-3.4.3.Final.jar;C:\Users\masco\.m2\repository\org\hibernate\common\hibernate-commons-annotations\5.1.2.Final\hibernate-commons-annotations-5.1.2.Final.jar;C:\Users\masco\.m2\repository\net\bytebuddy\byte-buddy\1.12.18\byte-buddy-1.12.18.jar;C:\Users\masco\.m2\repository\org\jboss\spec\javax\transaction\jboss-transaction-api_1.2_spec\1.1.1.Final\jboss-transaction-api_1.2_spec-1.1.1.Final.jar;C:\Users\masco\.m2\repository\org\hibernate\hibernate-core\5.6.15.Final\hibernate-core-5.6.15.Final.jar;C:\Users\masco\.m2\repository\antlr\antlr\2.7.7\antlr-2.7.7.jar;C:\Users\masco\.m2\repository\org\jboss\jandex\2.4.2.Final\jandex-2.4.2.Final.jar;C:\Users\masco\.m2\repository\com\fasterxml\classmate\1.5.1\classmate-1.5.1.jar;C:\Users\masco\.m2\repository\javax\activation\javax.activation-api\1.2.0\javax.activation-api-1.2.0.jar;C:\Users\masco\.m2\repository\javax\xml\bind\jaxb-api\2.3.1\jaxb-api-2.3.1.jar;C:\Users\masco\.m2\repository\org\glassfish\jaxb\jaxb-runtime\2.3.1\jaxb-runtime-2.3.1.jar;C:\Users\masco\.m2\repository\org\glassfish\jaxb\txw2\2.3.1\txw2-2.3.1.jar;C:\Users\masco\.m2\repository\com\sun\istack\istack-commons-runtime\3.0.7\istack-commons-runtime-3.0.7.jar;C:\Users\masco\.m2\repository\org\jvnet\staxex\stax-ex\1.8\stax-ex-1.8.jar;C:\Users\masco\.m2\repository\com\sun\xml\fastinfoset\FastInfoset\1.2.15\FastInfoset-1.2.15.jar;"/>
    <property name="sun.cpu.endian" value="little"/>
    <property name="user.home" value="C:\Users\masco"/>
    <property name="user.language" value="pt"/>
    <property name="java.specification.vendor" value="Oracle Corporation"/>
    <property name="java.version.date" value="2025-04-15"/>
    <property name="java.home" value="C:\Users\masco\AppData\Roaming\Code\User\globalStorage\pleiades.java-extension-pack-jdk\java\21"/>
    <property name="file.separator" value="\"/>
    <property name="basedir" value="D:\repositorios\Backend-Java\EBAC\mod35 - Trocar no reposi4tório a lógica de salvar em JDBC para JPA\projeto4-final\modulo35"/>
    <property name="java.vm.compressedOopsMode" value="Zero based"/>
    <property name="line.separator" value="&#10;"/>
    <property name="java.vm.specification.vendor" value="Oracle Corporation"/>
    <property name="java.specification.name" value="Java Platform API Specification"/>
    <property name="surefire.real.class.path" value="C:\Users\masco\AppData\Local\Temp\surefire3579434692560582472\surefirebooter-20250624224049397_3.jar"/>
    <property name="user.script" value=""/>
    <property name="sun.management.compiler" value="HotSpot 64-Bit Tiered Compilers"/>
    <property name="java.runtime.version" value="21.0.7+6-LTS"/>
    <property name="user.name" value="masco"/>
    <property name="stdout.encoding" value="Cp1252"/>
    <property name="path.separator" value=";"/>
    <property name="os.version" value="10.0"/>
    <property name="java.runtime.name" value="OpenJDK Runtime Environment"/>
    <property name="file.encoding" value="UTF-8"/>
    <property name="java.vm.name" value="OpenJDK 64-Bit Server VM"/>
    <property name="java.vendor.version" value="Temurin-21.0.7+6"/>
    <property name="localRepository" value="C:\Users\masco\.m2\repository"/>
    <property name="java.vendor.url.bug" value="https://github.com/adoptium/adoptium-support/issues"/>
    <property name="java.io.tmpdir" value="C:\Users\masco\AppData\Local\Temp\"/>
    <property name="java.version" value="21.0.7"/>
    <property name="user.dir" value="D:\repositorios\Backend-Java\EBAC\mod35 - Trocar no reposi4tório a lógica de salvar em JDBC para JPA\projeto4-final\modulo35"/>
    <property name="os.arch" value="amd64"/>
    <property name="java.vm.specification.name" value="Java Virtual Machine Specification"/>
    <property name="sun.os.patch.level" value=""/>
    <property name="native.encoding" value="Cp1252"/>
    <property name="java.library.path" value="C:\Users\masco\AppData\Roaming\Code\User\globalStorage\pleiades.java-extension-pack-jdk\java\21\bin;C:\WINDOWS\Sun\Java\bin;C:\WINDOWS\system32;C:\WINDOWS;C:\Users\masco\bin;C:\Program Files\Git\mingw64\bin;C:\Program Files\Git\usr\local\bin;C:\Program Files\Git\usr\bin;C:\Program Files\Git\usr\bin;C:\Program Files\Git\mingw64\bin;C:\Program Files\Git\usr\bin;C:\Users\masco\bin;C:\Users\masco\AppData\Roaming\Code\User\globalStorage\pleiades.java-extension-pack-jdk\gradle\latest\bin;C:\Users\masco\AppData\Roaming\Code\User\globalStorage\pleiades.java-extension-pack-jdk\maven\latest\bin;C:\Users\masco\AppData\Roaming\Code\User\globalStorage\pleiades.java-extension-pack-jdk\java\21\bin;C:\WINDOWS\system32;C:\WINDOWS;C:\WINDOWS\System32\Wbem;C:\WINDOWS\System32\WindowsPowerShell\v1.0;C:\WINDOWS\System32\OpenSSH;C:\Program Files (x86)\NVIDIA Corporation\PhysX\Common;C:\Program Files\dotnet;C:\Program Files\Git\cmd;C:\Users\masco\AppData\Local\Programs\Eclipse Adoptium\jdk-21.0.6.7-hotspot\bin;C:\Users\masco\AppData\Local\Microsoft\WindowsApps;C:\Users\masco\AppData\Local\Programs\Microsoft VS Code\bin;C:\Users\masco\AppData\Roaming\Code\User\globalStorage\github.copilot-chat\debugCommand;C:\Program Files\Git\usr\bin\vendor_perl;C:\Program Files\Git\usr\bin\core_perl;."/>
    <property name="java.vm.info" value="mixed mode, sharing"/>
    <property name="stderr.encoding" value="Cp1252"/>
    <property name="java.vendor" value="Eclipse Adoptium"/>
    <property name="java.vm.version" value="21.0.7+6-LTS"/>
    <property name="sun.io.unicode.encoding" value="UnicodeLittle"/>
    <property name="java.class.version" value="65.0"/>
  </properties>
  <testcase name="removerApenasUmProduto" classname="com.leonardo.jpa.VendaJpaDAOTest" time="0.001">
    <error message="Cannot invoke &quot;com.leonardo.gateway.jpa.IClienteJPAGateway.cadastrar(com.leonardo.infrastructure.dao.Persistente)&quot; because &quot;this.clienteDao&quot; is null" type="java.lang.NullPointerException"><![CDATA[java.lang.NullPointerException: Cannot invoke "com.leonardo.gateway.jpa.IClienteJPAGateway.cadastrar(com.leonardo.infrastructure.dao.Persistente)" because "this.clienteDao" is null
	at com.leonardo.jpa.VendaJpaDAOTest.cadastrarCliente(VendaJpaDAOTest.java:345)
	at com.leonardo.jpa.VendaJpaDAOTest.init(VendaJpaDAOTest.java:63)
	at java.base/java.lang.reflect.Method.invoke(Method.java:580)
	at java.base/java.util.ArrayList.forEach(ArrayList.java:1596)
	at java.base/java.util.ArrayList.forEach(ArrayList.java:1596)
	Suppressed: java.lang.NullPointerException: Cannot invoke "com.leonardo.gateway.jpa.IVendaJPAGateway.buscarTodos()" because "this.vendaExclusaoDao" is null
		at com.leonardo.jpa.VendaJpaDAOTest.excluirVendas(VendaJpaDAOTest.java:314)
		at com.leonardo.jpa.VendaJpaDAOTest.end(VendaJpaDAOTest.java:69)
		... 3 more
]]></error>
  </testcase>
  <testcase name="salvarVendaMesmoCodigoExistente" classname="com.leonardo.jpa.VendaJpaDAOTest" time="0.0">
    <error message="Cannot invoke &quot;com.leonardo.gateway.jpa.IClienteJPAGateway.cadastrar(com.leonardo.infrastructure.dao.Persistente)&quot; because &quot;this.clienteDao&quot; is null" type="java.lang.NullPointerException"><![CDATA[java.lang.NullPointerException: Cannot invoke "com.leonardo.gateway.jpa.IClienteJPAGateway.cadastrar(com.leonardo.infrastructure.dao.Persistente)" because "this.clienteDao" is null
	at com.leonardo.jpa.VendaJpaDAOTest.cadastrarCliente(VendaJpaDAOTest.java:345)
	at com.leonardo.jpa.VendaJpaDAOTest.init(VendaJpaDAOTest.java:63)
	at java.base/java.lang.reflect.Method.invoke(Method.java:580)
	at java.base/java.util.ArrayList.forEach(ArrayList.java:1596)
	at java.base/java.util.ArrayList.forEach(ArrayList.java:1596)
	Suppressed: java.lang.NullPointerException: Cannot invoke "com.leonardo.gateway.jpa.IVendaJPAGateway.buscarTodos()" because "this.vendaExclusaoDao" is null
		at com.leonardo.jpa.VendaJpaDAOTest.excluirVendas(VendaJpaDAOTest.java:314)
		at com.leonardo.jpa.VendaJpaDAOTest.end(VendaJpaDAOTest.java:69)
		... 3 more
]]></error>
  </testcase>
  <testcase name="finalizarVenda" classname="com.leonardo.jpa.VendaJpaDAOTest" time="0.0">
    <error message="Cannot invoke &quot;com.leonardo.gateway.jpa.IClienteJPAGateway.cadastrar(com.leonardo.infrastructure.dao.Persistente)&quot; because &quot;this.clienteDao&quot; is null" type="java.lang.NullPointerException"><![CDATA[java.lang.NullPointerException: Cannot invoke "com.leonardo.gateway.jpa.IClienteJPAGateway.cadastrar(com.leonardo.infrastructure.dao.Persistente)" because "this.clienteDao" is null
	at com.leonardo.jpa.VendaJpaDAOTest.cadastrarCliente(VendaJpaDAOTest.java:345)
	at com.leonardo.jpa.VendaJpaDAOTest.init(VendaJpaDAOTest.java:63)
	at java.base/java.lang.reflect.Method.invoke(Method.java:580)
	at java.base/java.util.ArrayList.forEach(ArrayList.java:1596)
	at java.base/java.util.ArrayList.forEach(ArrayList.java:1596)
	Suppressed: java.lang.NullPointerException: Cannot invoke "com.leonardo.gateway.jpa.IVendaJPAGateway.buscarTodos()" because "this.vendaExclusaoDao" is null
		at com.leonardo.jpa.VendaJpaDAOTest.excluirVendas(VendaJpaDAOTest.java:314)
		at com.leonardo.jpa.VendaJpaDAOTest.end(VendaJpaDAOTest.java:69)
		... 3 more
]]></error>
  </testcase>
  <testcase name="cancelarVenda" classname="com.leonardo.jpa.VendaJpaDAOTest" time="0.001">
    <error message="Cannot invoke &quot;com.leonardo.gateway.jpa.IClienteJPAGateway.cadastrar(com.leonardo.infrastructure.dao.Persistente)&quot; because &quot;this.clienteDao&quot; is null" type="java.lang.NullPointerException"><![CDATA[java.lang.NullPointerException: Cannot invoke "com.leonardo.gateway.jpa.IClienteJPAGateway.cadastrar(com.leonardo.infrastructure.dao.Persistente)" because "this.clienteDao" is null
	at com.leonardo.jpa.VendaJpaDAOTest.cadastrarCliente(VendaJpaDAOTest.java:345)
	at com.leonardo.jpa.VendaJpaDAOTest.init(VendaJpaDAOTest.java:63)
	at java.base/java.lang.reflect.Method.invoke(Method.java:580)
	at java.base/java.util.ArrayList.forEach(ArrayList.java:1596)
	at java.base/java.util.ArrayList.forEach(ArrayList.java:1596)
	Suppressed: java.lang.NullPointerException: Cannot invoke "com.leonardo.gateway.jpa.IVendaJPAGateway.buscarTodos()" because "this.vendaExclusaoDao" is null
		at com.leonardo.jpa.VendaJpaDAOTest.excluirVendas(VendaJpaDAOTest.java:314)
		at com.leonardo.jpa.VendaJpaDAOTest.end(VendaJpaDAOTest.java:69)
		... 3 more
]]></error>
  </testcase>
  <testcase name="salvar" classname="com.leonardo.jpa.VendaJpaDAOTest" time="0.001">
    <error message="Cannot invoke &quot;com.leonardo.gateway.jpa.IClienteJPAGateway.cadastrar(com.leonardo.infrastructure.dao.Persistente)&quot; because &quot;this.clienteDao&quot; is null" type="java.lang.NullPointerException"><![CDATA[java.lang.NullPointerException: Cannot invoke "com.leonardo.gateway.jpa.IClienteJPAGateway.cadastrar(com.leonardo.infrastructure.dao.Persistente)" because "this.clienteDao" is null
	at com.leonardo.jpa.VendaJpaDAOTest.cadastrarCliente(VendaJpaDAOTest.java:345)
	at com.leonardo.jpa.VendaJpaDAOTest.init(VendaJpaDAOTest.java:63)
	at java.base/java.lang.reflect.Method.invoke(Method.java:580)
	at java.base/java.util.ArrayList.forEach(ArrayList.java:1596)
	at java.base/java.util.ArrayList.forEach(ArrayList.java:1596)
	Suppressed: java.lang.NullPointerException: Cannot invoke "com.leonardo.gateway.jpa.IVendaJPAGateway.buscarTodos()" because "this.vendaExclusaoDao" is null
		at com.leonardo.jpa.VendaJpaDAOTest.excluirVendas(VendaJpaDAOTest.java:314)
		at com.leonardo.jpa.VendaJpaDAOTest.end(VendaJpaDAOTest.java:69)
		... 3 more
]]></error>
  </testcase>
  <testcase name="tentarAdicionarProdutosVendaFinalizada" classname="com.leonardo.jpa.VendaJpaDAOTest" time="0.001">
    <error message="Cannot invoke &quot;com.leonardo.gateway.jpa.IClienteJPAGateway.cadastrar(com.leonardo.infrastructure.dao.Persistente)&quot; because &quot;this.clienteDao&quot; is null" type="java.lang.NullPointerException"><![CDATA[java.lang.NullPointerException: Cannot invoke "com.leonardo.gateway.jpa.IClienteJPAGateway.cadastrar(com.leonardo.infrastructure.dao.Persistente)" because "this.clienteDao" is null
	at com.leonardo.jpa.VendaJpaDAOTest.cadastrarCliente(VendaJpaDAOTest.java:345)
	at com.leonardo.jpa.VendaJpaDAOTest.init(VendaJpaDAOTest.java:63)
	at java.base/java.lang.reflect.Method.invoke(Method.java:580)
	at java.base/java.util.ArrayList.forEach(ArrayList.java:1596)
	at java.base/java.util.ArrayList.forEach(ArrayList.java:1596)
	Suppressed: java.lang.NullPointerException: Cannot invoke "com.leonardo.gateway.jpa.IVendaJPAGateway.buscarTodos()" because "this.vendaExclusaoDao" is null
		at com.leonardo.jpa.VendaJpaDAOTest.excluirVendas(VendaJpaDAOTest.java:314)
		at com.leonardo.jpa.VendaJpaDAOTest.end(VendaJpaDAOTest.java:69)
		... 3 more
]]></error>
  </testcase>
  <testcase name="removerTodosProdutos" classname="com.leonardo.jpa.VendaJpaDAOTest" time="0.001">
    <error message="Cannot invoke &quot;com.leonardo.gateway.jpa.IClienteJPAGateway.cadastrar(com.leonardo.infrastructure.dao.Persistente)&quot; because &quot;this.clienteDao&quot; is null" type="java.lang.NullPointerException"><![CDATA[java.lang.NullPointerException: Cannot invoke "com.leonardo.gateway.jpa.IClienteJPAGateway.cadastrar(com.leonardo.infrastructure.dao.Persistente)" because "this.clienteDao" is null
	at com.leonardo.jpa.VendaJpaDAOTest.cadastrarCliente(VendaJpaDAOTest.java:345)
	at com.leonardo.jpa.VendaJpaDAOTest.init(VendaJpaDAOTest.java:63)
	at java.base/java.lang.reflect.Method.invoke(Method.java:580)
	at java.base/java.util.ArrayList.forEach(ArrayList.java:1596)
	at java.base/java.util.ArrayList.forEach(ArrayList.java:1596)
	Suppressed: java.lang.NullPointerException: Cannot invoke "com.leonardo.gateway.jpa.IVendaJPAGateway.buscarTodos()" because "this.vendaExclusaoDao" is null
		at com.leonardo.jpa.VendaJpaDAOTest.excluirVendas(VendaJpaDAOTest.java:314)
		at com.leonardo.jpa.VendaJpaDAOTest.end(VendaJpaDAOTest.java:69)
		... 3 more
]]></error>
  </testcase>
  <testcase name="adicionarMaisProdutosDiferentes" classname="com.leonardo.jpa.VendaJpaDAOTest" time="0.001">
    <error message="Cannot invoke &quot;com.leonardo.gateway.jpa.IClienteJPAGateway.cadastrar(com.leonardo.infrastructure.dao.Persistente)&quot; because &quot;this.clienteDao&quot; is null" type="java.lang.NullPointerException"><![CDATA[java.lang.NullPointerException: Cannot invoke "com.leonardo.gateway.jpa.IClienteJPAGateway.cadastrar(com.leonardo.infrastructure.dao.Persistente)" because "this.clienteDao" is null
	at com.leonardo.jpa.VendaJpaDAOTest.cadastrarCliente(VendaJpaDAOTest.java:345)
	at com.leonardo.jpa.VendaJpaDAOTest.init(VendaJpaDAOTest.java:63)
	at java.base/java.lang.reflect.Method.invoke(Method.java:580)
	at java.base/java.util.ArrayList.forEach(ArrayList.java:1596)
	at java.base/java.util.ArrayList.forEach(ArrayList.java:1596)
	Suppressed: java.lang.NullPointerException: Cannot invoke "com.leonardo.gateway.jpa.IVendaJPAGateway.buscarTodos()" because "this.vendaExclusaoDao" is null
		at com.leonardo.jpa.VendaJpaDAOTest.excluirVendas(VendaJpaDAOTest.java:314)
		at com.leonardo.jpa.VendaJpaDAOTest.end(VendaJpaDAOTest.java:69)
		... 3 more
]]></error>
  </testcase>
  <testcase name="adicionarMaisProdutosDoMesmo" classname="com.leonardo.jpa.VendaJpaDAOTest" time="0.001">
    <error message="Cannot invoke &quot;com.leonardo.gateway.jpa.IClienteJPAGateway.cadastrar(com.leonardo.infrastructure.dao.Persistente)&quot; because &quot;this.clienteDao&quot; is null" type="java.lang.NullPointerException"><![CDATA[java.lang.NullPointerException: Cannot invoke "com.leonardo.gateway.jpa.IClienteJPAGateway.cadastrar(com.leonardo.infrastructure.dao.Persistente)" because "this.clienteDao" is null
	at com.leonardo.jpa.VendaJpaDAOTest.cadastrarCliente(VendaJpaDAOTest.java:345)
	at com.leonardo.jpa.VendaJpaDAOTest.init(VendaJpaDAOTest.java:63)
	at java.base/java.lang.reflect.Method.invoke(Method.java:580)
	at java.base/java.util.ArrayList.forEach(ArrayList.java:1596)
	at java.base/java.util.ArrayList.forEach(ArrayList.java:1596)
	Suppressed: java.lang.NullPointerException: Cannot invoke "com.leonardo.gateway.jpa.IVendaJPAGateway.buscarTodos()" because "this.vendaExclusaoDao" is null
		at com.leonardo.jpa.VendaJpaDAOTest.excluirVendas(VendaJpaDAOTest.java:314)
		at com.leonardo.jpa.VendaJpaDAOTest.end(VendaJpaDAOTest.java:69)
		... 3 more
]]></error>
  </testcase>
  <testcase name="removerProduto" classname="com.leonardo.jpa.VendaJpaDAOTest" time="0.001">
    <error message="Cannot invoke &quot;com.leonardo.gateway.jpa.IClienteJPAGateway.cadastrar(com.leonardo.infrastructure.dao.Persistente)&quot; because &quot;this.clienteDao&quot; is null" type="java.lang.NullPointerException"><![CDATA[java.lang.NullPointerException: Cannot invoke "com.leonardo.gateway.jpa.IClienteJPAGateway.cadastrar(com.leonardo.infrastructure.dao.Persistente)" because "this.clienteDao" is null
	at com.leonardo.jpa.VendaJpaDAOTest.cadastrarCliente(VendaJpaDAOTest.java:345)
	at com.leonardo.jpa.VendaJpaDAOTest.init(VendaJpaDAOTest.java:63)
	at java.base/java.lang.reflect.Method.invoke(Method.java:580)
	at java.base/java.util.ArrayList.forEach(ArrayList.java:1596)
	at java.base/java.util.ArrayList.forEach(ArrayList.java:1596)
	Suppressed: java.lang.NullPointerException: Cannot invoke "com.leonardo.gateway.jpa.IVendaJPAGateway.buscarTodos()" because "this.vendaExclusaoDao" is null
		at com.leonardo.jpa.VendaJpaDAOTest.excluirVendas(VendaJpaDAOTest.java:314)
		at com.leonardo.jpa.VendaJpaDAOTest.end(VendaJpaDAOTest.java:69)
		... 3 more
]]></error>
  </testcase>
  <testcase name="pesquisar" classname="com.leonardo.jpa.VendaJpaDAOTest" time="0.0">
    <error message="Cannot invoke &quot;com.leonardo.gateway.jpa.IClienteJPAGateway.cadastrar(com.leonardo.infrastructure.dao.Persistente)&quot; because &quot;this.clienteDao&quot; is null" type="java.lang.NullPointerException"><![CDATA[java.lang.NullPointerException: Cannot invoke "com.leonardo.gateway.jpa.IClienteJPAGateway.cadastrar(com.leonardo.infrastructure.dao.Persistente)" because "this.clienteDao" is null
	at com.leonardo.jpa.VendaJpaDAOTest.cadastrarCliente(VendaJpaDAOTest.java:345)
	at com.leonardo.jpa.VendaJpaDAOTest.init(VendaJpaDAOTest.java:63)
	at java.base/java.lang.reflect.Method.invoke(Method.java:580)
	at java.base/java.util.ArrayList.forEach(ArrayList.java:1596)
	at java.base/java.util.ArrayList.forEach(ArrayList.java:1596)
	Suppressed: java.lang.NullPointerException: Cannot invoke "com.leonardo.gateway.jpa.IVendaJPAGateway.buscarTodos()" because "this.vendaExclusaoDao" is null
		at com.leonardo.jpa.VendaJpaDAOTest.excluirVendas(VendaJpaDAOTest.java:314)
		at com.leonardo.jpa.VendaJpaDAOTest.end(VendaJpaDAOTest.java:69)
		... 3 more
]]></error>
  </testcase>
</testsuite>