<?xml version="1.0" encoding="UTF-8"?>
<testsuite xmlns:xsi="http://www.w3.org/2001/XMLSchema-instance" xsi:noNamespaceSchemaLocation="https://maven.apache.org/surefire/maven-surefire-plugin/xsd/surefire-test-report-3.0.xsd" version="3.0" name="com.leonardo.dao.ClienteServiceTest" time="0.056" tests="4" errors="4" skipped="0" failures="0">
  <properties>
    <property name="java.specification.version" value="21"/>
    <property name="sun.cpu.isalist" value="amd64"/>
    <property name="sun.jnu.encoding" value="Cp1252"/>
    <property name="java.class.path" value="D:\repositorios\Backend-Java\EBAC\mod35 - Trocar no reposi4tório a lógica de salvar em JDBC para JPA\projeto4-final\modulo35\target\test-classes;D:\repositorios\Backend-Java\EBAC\mod35 - Trocar no reposi4tório a lógica de salvar em JDBC para JPA\projeto4-final\modulo35\target\classes;C:\Users\masco\.m2\repository\org\projectlombok\lombok\1.18.38\lombok-1.18.38.jar;C:\Users\masco\.m2\repository\org\junit\platform\junit-platform-suite\1.10.2\junit-platform-suite-1.10.2.jar;C:\Users\masco\.m2\repository\org\junit\platform\junit-platform-suite-api\1.10.2\junit-platform-suite-api-1.10.2.jar;C:\Users\masco\.m2\repository\org\junit\platform\junit-platform-commons\1.10.2\junit-platform-commons-1.10.2.jar;C:\Users\masco\.m2\repository\org\junit\platform\junit-platform-suite-engine\1.10.2\junit-platform-suite-engine-1.10.2.jar;C:\Users\masco\.m2\repository\org\junit\platform\junit-platform-suite-commons\1.10.2\junit-platform-suite-commons-1.10.2.jar;C:\Users\masco\.m2\repository\org\junit\platform\junit-platform-launcher\1.10.2\junit-platform-launcher-1.10.2.jar;C:\Users\masco\.m2\repository\org\junit\jupiter\junit-jupiter-engine\5.10.0\junit-jupiter-engine-5.10.0.jar;C:\Users\masco\.m2\repository\org\junit\platform\junit-platform-engine\1.10.0\junit-platform-engine-1.10.0.jar;C:\Users\masco\.m2\repository\org\opentest4j\opentest4j\1.3.0\opentest4j-1.3.0.jar;C:\Users\masco\.m2\repository\org\junit\jupiter\junit-jupiter-api\5.10.0\junit-jupiter-api-5.10.0.jar;C:\Users\masco\.m2\repository\org\apiguardian\apiguardian-api\1.1.2\apiguardian-api-1.1.2.jar;C:\Users\masco\.m2\repository\com\github\javafaker\javafaker\1.0.2\javafaker-1.0.2.jar;C:\Users\masco\.m2\repository\org\apache\commons\commons-lang3\3.5\commons-lang3-3.5.jar;C:\Users\masco\.m2\repository\org\yaml\snakeyaml\1.23\snakeyaml-1.23-android.jar;C:\Users\masco\.m2\repository\com\github\mifmif\generex\1.0.2\generex-1.0.2.jar;C:\Users\masco\.m2\repository\dk\brics\automaton\automaton\1.11-8\automaton-1.11-8.jar;C:\Users\masco\.m2\repository\org\postgresql\postgresql\42.7.6\postgresql-42.7.6.jar;C:\Users\masco\.m2\repository\org\checkerframework\checker-qual\3.49.3\checker-qual-3.49.3.jar;C:\Users\masco\.m2\repository\javax\persistence\javax.persistence-api\2.2\javax.persistence-api-2.2.jar;"/>
    <property name="java.vm.vendor" value="Eclipse Adoptium"/>
    <property name="sun.arch.data.model" value="64"/>
    <property name="user.variant" value=""/>
    <property name="java.vendor.url" value="https://adoptium.net/"/>
    <property name="user.timezone" value="America/Sao_Paulo"/>
    <property name="os.name" value="Windows 11"/>
    <property name="java.vm.specification.version" value="21"/>
    <property name="user.country" value="BR"/>
    <property name="sun.java.launcher" value="SUN_STANDARD"/>
    <property name="sun.boot.library.path" value="C:\Users\masco\AppData\Local\Programs\Eclipse Adoptium\jdk-21.0.6.7-hotspot\bin"/>
    <property name="sun.java.command" value="C:\Users\masco\AppData\Local\Temp\surefire10923264711893659706\surefirebooter-20250623162253136_3.jar C:\Users\masco\AppData\Local\Temp\surefire10923264711893659706 2025-06-23T16-22-53_009-jvmRun1 surefire-20250623162253136_1tmp surefire_0-20250623162253136_2tmp"/>
    <property name="jdk.debug" value="release"/>
    <property name="test" value="com.leonardo.dao.ClienteServiceTest"/>
    <property name="surefire.test.class.path" value="D:\repositorios\Backend-Java\EBAC\mod35 - Trocar no reposi4tório a lógica de salvar em JDBC para JPA\projeto4-final\modulo35\target\test-classes;D:\repositorios\Backend-Java\EBAC\mod35 - Trocar no reposi4tório a lógica de salvar em JDBC para JPA\projeto4-final\modulo35\target\classes;C:\Users\masco\.m2\repository\org\projectlombok\lombok\1.18.38\lombok-1.18.38.jar;C:\Users\masco\.m2\repository\org\junit\platform\junit-platform-suite\1.10.2\junit-platform-suite-1.10.2.jar;C:\Users\masco\.m2\repository\org\junit\platform\junit-platform-suite-api\1.10.2\junit-platform-suite-api-1.10.2.jar;C:\Users\masco\.m2\repository\org\junit\platform\junit-platform-commons\1.10.2\junit-platform-commons-1.10.2.jar;C:\Users\masco\.m2\repository\org\junit\platform\junit-platform-suite-engine\1.10.2\junit-platform-suite-engine-1.10.2.jar;C:\Users\masco\.m2\repository\org\junit\platform\junit-platform-suite-commons\1.10.2\junit-platform-suite-commons-1.10.2.jar;C:\Users\masco\.m2\repository\org\junit\platform\junit-platform-launcher\1.10.2\junit-platform-launcher-1.10.2.jar;C:\Users\masco\.m2\repository\org\junit\jupiter\junit-jupiter-engine\5.10.0\junit-jupiter-engine-5.10.0.jar;C:\Users\masco\.m2\repository\org\junit\platform\junit-platform-engine\1.10.0\junit-platform-engine-1.10.0.jar;C:\Users\masco\.m2\repository\org\opentest4j\opentest4j\1.3.0\opentest4j-1.3.0.jar;C:\Users\masco\.m2\repository\org\junit\jupiter\junit-jupiter-api\5.10.0\junit-jupiter-api-5.10.0.jar;C:\Users\masco\.m2\repository\org\apiguardian\apiguardian-api\1.1.2\apiguardian-api-1.1.2.jar;C:\Users\masco\.m2\repository\com\github\javafaker\javafaker\1.0.2\javafaker-1.0.2.jar;C:\Users\masco\.m2\repository\org\apache\commons\commons-lang3\3.5\commons-lang3-3.5.jar;C:\Users\masco\.m2\repository\org\yaml\snakeyaml\1.23\snakeyaml-1.23-android.jar;C:\Users\masco\.m2\repository\com\github\mifmif\generex\1.0.2\generex-1.0.2.jar;C:\Users\masco\.m2\repository\dk\brics\automaton\automaton\1.11-8\automaton-1.11-8.jar;C:\Users\masco\.m2\repository\org\postgresql\postgresql\42.7.6\postgresql-42.7.6.jar;C:\Users\masco\.m2\repository\org\checkerframework\checker-qual\3.49.3\checker-qual-3.49.3.jar;C:\Users\masco\.m2\repository\javax\persistence\javax.persistence-api\2.2\javax.persistence-api-2.2.jar;"/>
    <property name="sun.cpu.endian" value="little"/>
    <property name="user.home" value="C:\Users\masco"/>
    <property name="user.language" value="pt"/>
    <property name="java.specification.vendor" value="Oracle Corporation"/>
    <property name="java.version.date" value="2025-01-21"/>
    <property name="java.home" value="C:\Users\masco\AppData\Local\Programs\Eclipse Adoptium\jdk-21.0.6.7-hotspot"/>
    <property name="file.separator" value="\"/>
    <property name="basedir" value="D:\repositorios\Backend-Java\EBAC\mod35 - Trocar no reposi4tório a lógica de salvar em JDBC para JPA\projeto4-final\modulo35"/>
    <property name="java.vm.compressedOopsMode" value="Zero based"/>
    <property name="line.separator" value="&#10;"/>
    <property name="java.vm.specification.vendor" value="Oracle Corporation"/>
    <property name="java.specification.name" value="Java Platform API Specification"/>
    <property name="surefire.real.class.path" value="C:\Users\masco\AppData\Local\Temp\surefire10923264711893659706\surefirebooter-20250623162253136_3.jar"/>
    <property name="user.script" value=""/>
    <property name="sun.management.compiler" value="HotSpot 64-Bit Tiered Compilers"/>
    <property name="java.runtime.version" value="21.0.6+7-LTS"/>
    <property name="user.name" value="masco"/>
    <property name="stdout.encoding" value="Cp1252"/>
    <property name="path.separator" value=";"/>
    <property name="os.version" value="10.0"/>
    <property name="java.runtime.name" value="OpenJDK Runtime Environment"/>
    <property name="file.encoding" value="UTF-8"/>
    <property name="java.vm.name" value="OpenJDK 64-Bit Server VM"/>
    <property name="java.vendor.version" value="Temurin-21.0.6+7"/>
    <property name="maven.ext.class.path" value="C:\Users\masco\.vscode\extensions\oracle.oracle-java-24.0.0\nbcode\java\maven-nblib\netbeans-eventspy.jar"/>
    <property name="localRepository" value="C:\Users\masco\.m2\repository"/>
    <property name="java.vendor.url.bug" value="https://github.com/adoptium/adoptium-support/issues"/>
    <property name="java.io.tmpdir" value="C:\Users\masco\AppData\Local\Temp\"/>
    <property name="java.version" value="21.0.6"/>
    <property name="user.dir" value="D:\repositorios\Backend-Java\EBAC\mod35 - Trocar no reposi4tório a lógica de salvar em JDBC para JPA\projeto4-final\modulo35"/>
    <property name="os.arch" value="amd64"/>
    <property name="java.vm.specification.name" value="Java Virtual Machine Specification"/>
    <property name="sun.os.patch.level" value=""/>
    <property name="native.encoding" value="Cp1252"/>
    <property name="java.library.path" value="C:\Users\masco\AppData\Local\Programs\Eclipse Adoptium\jdk-21.0.6.7-hotspot\bin;C:\WINDOWS\Sun\Java\bin;C:\WINDOWS\system32;C:\WINDOWS;C:\WINDOWS\system32;C:\WINDOWS;C:\WINDOWS\System32\Wbem;C:\WINDOWS\System32\WindowsPowerShell\v1.0\;C:\WINDOWS\System32\OpenSSH\;C:\Program Files (x86)\NVIDIA Corporation\PhysX\Common;C:\Program Files\dotnet\;C:\Program Files\Git\cmd;C:\Users\masco\AppData\Local\Programs\Eclipse Adoptium\jdk-21.0.6.7-hotspot\bin;C:\Users\masco\AppData\Local\Microsoft\WindowsApps;C:\Users\masco\AppData\Local\Programs\Microsoft VS Code\bin;."/>
    <property name="java.vm.info" value="mixed mode, sharing"/>
    <property name="stderr.encoding" value="Cp1252"/>
    <property name="java.vendor" value="Eclipse Adoptium"/>
    <property name="java.vm.version" value="21.0.6+7-LTS"/>
    <property name="sun.io.unicode.encoding" value="UnicodeLittle"/>
    <property name="java.class.version" value="65.0"/>
  </properties>
  <testcase name="salvarCliente" classname="com.leonardo.dao.ClienteServiceTest" time="0.016">
    <error message="Unimplemented method &apos;cadastrar&apos;" type="java.lang.UnsupportedOperationException"><![CDATA[java.lang.UnsupportedOperationException: Unimplemented method 'cadastrar'
	at com.leonardo.mock.ClienteDAOMock.cadastrar(ClienteDAOMock.java:18)
	at com.leonardo.mock.ClienteDAOMock.cadastrar(ClienteDAOMock.java:13)
	at com.leonardo.service.generic.GenericService.cadastrar(GenericService.java:35)
	at com.leonardo.dao.ClienteServiceTest.salvarCliente(ClienteServiceTest.java:47)
	at java.base/java.lang.reflect.Method.invoke(Method.java:580)
	at java.base/java.util.ArrayList.forEach(ArrayList.java:1596)
	at java.base/java.util.ArrayList.forEach(ArrayList.java:1596)
]]></error>
  </testcase>
  <testcase name="excluirCliente" classname="com.leonardo.dao.ClienteServiceTest" time="0.002">
    <error message="Unimplemented method &apos;excluir&apos;" type="java.lang.UnsupportedOperationException"><![CDATA[java.lang.UnsupportedOperationException: Unimplemented method 'excluir'
	at com.leonardo.mock.ClienteDAOMock.excluir(ClienteDAOMock.java:24)
	at com.leonardo.mock.ClienteDAOMock.excluir(ClienteDAOMock.java:13)
	at com.leonardo.service.generic.GenericService.excluir(GenericService.java:40)
	at com.leonardo.dao.ClienteServiceTest.excluirCliente(ClienteServiceTest.java:54)
	at java.base/java.lang.reflect.Method.invoke(Method.java:580)
	at java.base/java.util.ArrayList.forEach(ArrayList.java:1596)
	at java.base/java.util.ArrayList.forEach(ArrayList.java:1596)
]]></error>
  </testcase>
  <testcase name="pesquisarCliente" classname="com.leonardo.dao.ClienteServiceTest" time="0.001">
    <error message="Unimplemented method &apos;consultar&apos;" type="java.lang.UnsupportedOperationException"><![CDATA[java.lang.UnsupportedOperationException: Unimplemented method 'consultar'
	at com.leonardo.mock.ClienteDAOMock.consultar(ClienteDAOMock.java:36)
	at com.leonardo.mock.ClienteDAOMock.consultar(ClienteDAOMock.java:13)
	at com.leonardo.service.cliente.ClienteService.buscarPorID(ClienteService.java:36)
	at com.leonardo.dao.ClienteServiceTest.pesquisarCliente(ClienteServiceTest.java:41)
	at java.base/java.lang.reflect.Method.invoke(Method.java:580)
	at java.base/java.util.ArrayList.forEach(ArrayList.java:1596)
	at java.base/java.util.ArrayList.forEach(ArrayList.java:1596)
]]></error>
  </testcase>
  <testcase name="alterarCliente" classname="com.leonardo.dao.ClienteServiceTest" time="0.002">
    <error message="Unimplemented method &apos;alterar&apos;" type="java.lang.UnsupportedOperationException"><![CDATA[java.lang.UnsupportedOperationException: Unimplemented method 'alterar'
	at com.leonardo.mock.ClienteDAOMock.alterar(ClienteDAOMock.java:30)
	at com.leonardo.mock.ClienteDAOMock.alterar(ClienteDAOMock.java:13)
	at com.leonardo.service.generic.GenericService.alterar(GenericService.java:45)
	at com.leonardo.dao.ClienteServiceTest.alterarCliente(ClienteServiceTest.java:60)
	at java.base/java.lang.reflect.Method.invoke(Method.java:580)
	at java.base/java.util.ArrayList.forEach(ArrayList.java:1596)
	at java.base/java.util.ArrayList.forEach(ArrayList.java:1596)
]]></error>
  </testcase>
</testsuite>